<?xml version="1.0" encoding="UTF-8"?>
<testsuite xmlns:xsi="http://www.w3.org/2001/XMLSchema-instance" xsi:noNamespaceSchemaLocation="https://maven.apache.org/surefire/maven-surefire-plugin/xsd/surefire-test-report-3.0.xsd" version="3.0" name="org.example.AcceptanceTest" time="0.113" tests="1" errors="0" skipped="0" failures="0">
  <properties>
[...]
</properties>
  <testcase name="ATEST_001" classname="org.example.AcceptanceTest" time="0.093">
    <system-out><![CDATA[Welcome to the game!

current player: 1
 F(5)  F(5)  F(15)  F(15)  D(5)  S(10)  S(10)  H(10)  H(10)  B(15)  B(15)  L(20) 

 The game has drawn a Q4 card

 Do you want to sponsor the current task? Answer Y or N: 
P1, please leave the hot seat. Press <return> to continue...










current player: 2
 F(5)  F(5)  F(15)  F(15)  F(40)  D(5)  S(10)  H(10)  H(10)  B(15)  B(15)  E(30) 

 The game has drawn a Q4 card

 Do you want to sponsor the current task? Answer Y or N: 
P2 is sponsor 


current player: 2
stage : 1
 F(5)  F(5)  F(15)  F(15)  F(40)  D(5)  S(10)  H(10)  H(10)  B(15)  B(15)  E(30) 
Enter the card you want to play (e.g. S(10)): 

 The value of the cards used in this stage is 5 :  F(5) stage : 1
 F(5)  F(5)  F(15)  F(15)  F(40)  D(5)  S(10)  H(10)  H(10)  B(15)  B(15)  E(30) 
Enter the card you want to play (e.g. S(10)): 

 The value of the cards used in this stage is 15 :  F(5)  H(10) stage : 1
 F(5)  F(5)  F(15)  F(15)  F(40)  D(5)  S(10)  H(10)  H(10)  B(15)  B(15)  E(30) 
Enter the card you want to play (e.g. S(10)): 


current player: 2
stage : 2
 F(5)  F(5)  F(15)  F(15)  F(40)  D(5)  S(10)  H(10)  H(10)  B(15)  B(15)  E(30) 
Enter the card you want to play (e.g. S(10)): 

 The value of the cards used in this stage is 15 :  F(15) stage : 2
 F(5)  F(5)  F(15)  F(15)  F(40)  D(5)  S(10)  H(10)  H(10)  B(15)  B(15)  E(30) 
Enter the card you want to play (e.g. S(10)): 

 The value of the cards used in this stage is 25 :  F(15)  S(10) stage : 2
 F(5)  F(5)  F(15)  F(15)  F(40)  D(5)  S(10)  H(10)  H(10)  B(15)  B(15)  E(30) 
Enter the card you want to play (e.g. S(10)): 


current player: 2
stage : 3
 F(5)  F(5)  F(15)  F(15)  F(40)  D(5)  S(10)  H(10)  H(10)  B(15)  B(15)  E(30) 
Enter the card you want to play (e.g. S(10)): 

 The value of the cards used in this stage is 15 :  F(15) stage : 3
 F(5)  F(5)  F(15)  F(15)  F(40)  D(5)  S(10)  H(10)  H(10)  B(15)  B(15)  E(30) 
Enter the card you want to play (e.g. S(10)): 

 The value of the cards used in this stage is 20 :  F(15)  D(5) stage : 3
 F(5)  F(5)  F(15)  F(15)  F(40)  D(5)  S(10)  H(10)  H(10)  B(15)  B(15)  E(30) 
Enter the card you want to play (e.g. S(10)): 

 The value of the cards used in this stage is 35 :  F(15)  D(5)  B(15) stage : 3
 F(5)  F(5)  F(15)  F(15)  F(40)  D(5)  S(10)  H(10)  H(10)  B(15)  B(15)  E(30) 
Enter the card you want to play (e.g. S(10)): 


current player: 2
stage : 4
 F(5)  F(5)  F(15)  F(15)  F(40)  D(5)  S(10)  H(10)  H(10)  B(15)  B(15)  E(30) 
Enter the card you want to play (e.g. S(10)): 

 The value of the cards used in this stage is 40 :  F(40) stage : 4
 F(5)  F(5)  F(15)  F(15)  F(40)  D(5)  S(10)  H(10)  H(10)  B(15)  B(15)  E(30) 
Enter the card you want to play (e.g. S(10)): 

 The value of the cards used in this stage is 55 :  F(40)  B(15) stage : 4
 F(5)  F(5)  F(15)  F(15)  F(40)  D(5)  S(10)  H(10)  H(10)  B(15)  B(15)  E(30) 
Enter the card you want to play (e.g. S(10)): 
P2, please leave the hot seat. Press <return> to continue...










current player: 1
 F(5)  F(5)  F(15)  F(15)  D(5)  S(10)  S(10)  H(10)  H(10)  B(15)  B(15)  L(20) 

 Do you want to join the current task? Answer Y: 
Player 1 need remove 1 Cards
 F(5)  F(5)  F(15)  F(15)  F(30)  D(5)  S(10)  S(10)  H(10)  H(10)  B(15)  B(15)  L(20) 

 Enter the card you want to draw (e.g. S(10)) or position: 
You removed the card 
 F(5)
 F(5)  F(15)  F(15)  F(30)  D(5)  S(10)  S(10)  H(10)  H(10)  B(15)  B(15)  L(20) 
P3, please leave the hot seat. Press <return> to continue...










current player: 3
 F(5)  F(5)  F(5)  F(15)  D(5)  S(10)  S(10)  S(10)  H(10)  H(10)  B(15)  L(20) 

 Do you want to join the current task? Answer Y: 
Player 3 need remove 1 Cards
 F(5)  F(5)  F(5)  F(15)  D(5)  S(10)  S(10)  S(10)  S(10)  H(10)  H(10)  B(15)  L(20) 

 Enter the card you want to draw (e.g. S(10)) or position: 
You removed the card 
 F(5)
 F(5)  F(5)  F(15)  D(5)  S(10)  S(10)  S(10)  S(10)  H(10)  H(10)  B(15)  L(20) 
P4, please leave the hot seat. Press <return> to continue...










current player: 4
 F(5)  F(15)  F(15)  F(40)  D(5)  D(5)  S(10)  H(10)  H(10)  B(15)  L(20)  E(30) 

 Do you want to join the current task? Answer Y: 
Player 4 need remove 1 Cards
 F(5)  F(15)  F(15)  F(40)  D(5)  D(5)  S(10)  H(10)  H(10)  B(15)  B(15)  L(20)  E(30) 

 Enter the card you want to draw (e.g. S(10)) or position: 
You removed the card 
 F(5)
 F(15)  F(15)  F(40)  D(5)  D(5)  S(10)  H(10)  H(10)  B(15)  B(15)  L(20)  E(30) 
P1, please leave the hot seat. Press <return> to continue...










current player: 1
 F(5)  F(15)  F(15)  F(30)  D(5)  S(10)  S(10)  H(10)  H(10)  B(15)  B(15)  L(20) 

stage : 1
 Enter the card you want to play (e.g. S(10)): D(5) 

 The value of the cards used in this stage is 5 : D(5)  F(5)  F(15)  F(15)  F(30)  D(5)  S(10)  S(10)  H(10)  H(10)  B(15)  B(15)  L(20) 

stage : 1
 Enter the card you want to play (e.g. S(10)): S(10) 

 The value of the cards used in this stage is 15 : D(5) S(10)  F(5)  F(15)  F(15)  F(30)  D(5)  S(10)  S(10)  H(10)  H(10)  B(15)  B(15)  L(20) 

stage : 1
 Enter the card you want to play (e.g. S(10)): 
 The value of the cards used in this stage is 15 : D(5) S(10) 
 current stage win 

current player: 3
 F(5)  F(5)  F(15)  D(5)  S(10)  S(10)  S(10)  S(10)  H(10)  H(10)  B(15)  L(20) 

stage : 1
 Enter the card you want to play (e.g. S(10)): S(10) 

 The value of the cards used in this stage is 10 : S(10)  F(5)  F(5)  F(15)  D(5)  S(10)  S(10)  S(10)  S(10)  H(10)  H(10)  B(15)  L(20) 

stage : 1
 Enter the card you want to play (e.g. S(10)): D(5) 

 The value of the cards used in this stage is 15 : S(10) D(5)  F(5)  F(5)  F(15)  D(5)  S(10)  S(10)  S(10)  S(10)  H(10)  H(10)  B(15)  L(20) 

stage : 1
 Enter the card you want to play (e.g. S(10)): 
 The value of the cards used in this stage is 15 : S(10) D(5) 
 current stage win 

current player: 4
 F(15)  F(15)  F(40)  D(5)  D(5)  S(10)  H(10)  H(10)  B(15)  B(15)  L(20)  E(30) 

stage : 1
 Enter the card you want to play (e.g. S(10)): D(5) 

 The value of the cards used in this stage is 5 : D(5)  F(15)  F(15)  F(40)  D(5)  D(5)  S(10)  H(10)  H(10)  B(15)  B(15)  L(20)  E(30) 

stage : 1
 Enter the card you want to play (e.g. S(10)): H(10) 

 The value of the cards used in this stage is 15 : D(5) H(10)  F(15)  F(15)  F(40)  D(5)  D(5)  S(10)  H(10)  H(10)  B(15)  B(15)  L(20)  E(30) 

stage : 1
 Enter the card you want to play (e.g. S(10)): 
 The value of the cards used in this stage is 15 : D(5) H(10) 
 current stage win 

current player: 1
 F(5)  F(15)  F(15)  F(30)  S(10)  H(10)  H(10)  B(15)  B(15)  L(20) 

 Do you want to join the current task? Answer Y: 
P3, please leave the hot seat. Press <return> to continue...










current player: 3
 F(5)  F(5)  F(15)  S(10)  S(10)  S(10)  H(10)  H(10)  B(15)  L(20) 

 Do you want to join the current task? Answer Y: 
P4, please leave the hot seat. Press <return> to continue...










current player: 4
 F(15)  F(15)  F(40)  D(5)  S(10)  H(10)  B(15)  B(15)  L(20)  E(30) 

 Do you want to join the current task? Answer Y: 
P1, please leave the hot seat. Press <return> to continue...










current player: 1
 F(5)  F(10)  F(15)  F(15)  F(30)  S(10)  H(10)  H(10)  B(15)  B(15)  L(20) 

stage : 2
 Enter the card you want to play (e.g. S(10)): H(10) 

 The value of the cards used in this stage is 10 : H(10)  F(5)  F(10)  F(15)  F(15)  F(30)  S(10)  H(10)  H(10)  B(15)  B(15)  L(20) 

stage : 2
 Enter the card you want to play (e.g. S(10)): S(10) 

 The value of the cards used in this stage is 20 : H(10) S(10)  F(5)  F(10)  F(15)  F(15)  F(30)  S(10)  H(10)  H(10)  B(15)  B(15)  L(20) 

stage : 2
 Enter the card you want to play (e.g. S(10)): 
 The value of the cards used in this stage is 20 : H(10) S(10) 
 current stage fail 

current player: 3
 F(5)  F(5)  F(15)  S(10)  S(10)  S(10)  H(10)  H(10)  B(15)  L(20)  L(20) 

stage : 2
 Enter the card you want to play (e.g. S(10)): B(15) 

 The value of the cards used in this stage is 15 : B(15)  F(5)  F(5)  F(15)  S(10)  S(10)  S(10)  H(10)  H(10)  B(15)  L(20)  L(20) 

stage : 2
 Enter the card you want to play (e.g. S(10)): S(10) 

 The value of the cards used in this stage is 25 : B(15) S(10)  F(5)  F(5)  F(15)  S(10)  S(10)  S(10)  H(10)  H(10)  B(15)  L(20)  L(20) 

stage : 2
 Enter the card you want to play (e.g. S(10)): 
 The value of the cards used in this stage is 25 : B(15) S(10) 
 current stage win 

current player: 4
 F(15)  F(15)  F(40)  D(5)  S(10)  H(10)  B(15)  B(15)  L(20)  L(20)  E(30) 

stage : 2
 Enter the card you want to play (e.g. S(10)): H(10) 

 The value of the cards used in this stage is 10 : H(10)  F(15)  F(15)  F(40)  D(5)  S(10)  H(10)  B(15)  B(15)  L(20)  L(20)  E(30) 

stage : 2
 Enter the card you want to play (e.g. S(10)): B(15) 

 The value of the cards used in this stage is 25 : H(10) B(15)  F(15)  F(15)  F(40)  D(5)  S(10)  H(10)  B(15)  B(15)  L(20)  L(20)  E(30) 

stage : 2
 Enter the card you want to play (e.g. S(10)): 
 The value of the cards used in this stage is 25 : H(10) B(15) 
 current stage win 

current player: 3
 F(5)  F(5)  F(15)  S(10)  S(10)  H(10)  H(10)  L(20)  L(20) 

 Do you want to join the current task? Answer Y: 
P4, please leave the hot seat. Press <return> to continue...










current player: 4
 F(15)  F(15)  F(40)  D(5)  S(10)  B(15)  L(20)  L(20)  E(30) 

 Do you want to join the current task? Answer Y: 
P3, please leave the hot seat. Press <return> to continue...










current player: 3
 F(5)  F(5)  F(15)  S(10)  S(10)  H(10)  H(10)  B(15)  L(20)  L(20) 

stage : 3
 Enter the card you want to play (e.g. S(10)): L(20) 

 The value of the cards used in this stage is 20 : L(20)  F(5)  F(5)  F(15)  S(10)  S(10)  H(10)  H(10)  B(15)  L(20)  L(20) 

stage : 3
 Enter the card you want to play (e.g. S(10)): H(10) 

 The value of the cards used in this stage is 30 : L(20) H(10)  F(5)  F(5)  F(15)  S(10)  S(10)  H(10)  H(10)  B(15)  L(20)  L(20) 

stage : 3
 Enter the card you want to play (e.g. S(10)): S(10) 

 The value of the cards used in this stage is 40 : L(20) H(10) S(10)  F(5)  F(5)  F(15)  S(10)  S(10)  H(10)  H(10)  B(15)  L(20)  L(20) 

stage : 3
 Enter the card you want to play (e.g. S(10)): 
 The value of the cards used in this stage is 40 : L(20) H(10) S(10) 
 current stage win 

current player: 4
 F(15)  F(15)  F(40)  D(5)  S(10)  S(10)  B(15)  L(20)  L(20)  E(30) 

stage : 3
 Enter the card you want to play (e.g. S(10)): B(15) 

 The value of the cards used in this stage is 15 : B(15)  F(15)  F(15)  F(40)  D(5)  S(10)  S(10)  B(15)  L(20)  L(20)  E(30) 

stage : 3
 Enter the card you want to play (e.g. S(10)): S(10) 

 The value of the cards used in this stage is 25 : B(15) S(10)  F(15)  F(15)  F(40)  D(5)  S(10)  S(10)  B(15)  L(20)  L(20)  E(30) 

stage : 3
 Enter the card you want to play (e.g. S(10)): L(20) 

 The value of the cards used in this stage is 45 : B(15) S(10) L(20)  F(15)  F(15)  F(40)  D(5)  S(10)  S(10)  B(15)  L(20)  L(20)  E(30) 

stage : 3
 Enter the card you want to play (e.g. S(10)): 
 The value of the cards used in this stage is 45 : B(15) S(10) L(20) 
 current stage win 

current player: 3
 F(5)  F(5)  F(15)  S(10)  H(10)  B(15)  L(20) 

 Do you want to join the current task? Answer Y: 
P4, please leave the hot seat. Press <return> to continue...










current player: 4
 F(15)  F(15)  F(40)  D(5)  S(10)  L(20)  E(30) 

 Do you want to join the current task? Answer Y: 
P3, please leave the hot seat. Press <return> to continue...










current player: 3
 F(5)  F(5)  F(15)  F(30)  S(10)  H(10)  B(15)  L(20) 

stage : 4
 Enter the card you want to play (e.g. S(10)): B(15) 

 The value of the cards used in this stage is 15 : B(15)  F(5)  F(5)  F(15)  F(30)  S(10)  H(10)  B(15)  L(20) 

stage : 4
 Enter the card you want to play (e.g. S(10)): H(10) 

 The value of the cards used in this stage is 25 : B(15) H(10)  F(5)  F(5)  F(15)  F(30)  S(10)  H(10)  B(15)  L(20) 

stage : 4
 Enter the card you want to play (e.g. S(10)): L(20) 

 The value of the cards used in this stage is 45 : B(15) H(10) L(20)  F(5)  F(5)  F(15)  F(30)  S(10)  H(10)  B(15)  L(20) 

stage : 4
 Enter the card you want to play (e.g. S(10)): 
 The value of the cards used in this stage is 45 : B(15) H(10) L(20) 
 current stage fail 

current player: 4
 F(15)  F(15)  F(40)  D(5)  S(10)  L(20)  L(20)  E(30) 

stage : 4
 Enter the card you want to play (e.g. S(10)): D(5) 

 The value of the cards used in this stage is 5 : D(5)  F(15)  F(15)  F(40)  D(5)  S(10)  L(20)  L(20)  E(30) 

stage : 4
 Enter the card you want to play (e.g. S(10)): S(10) 

 The value of the cards used in this stage is 15 : D(5) S(10)  F(15)  F(15)  F(40)  D(5)  S(10)  L(20)  L(20)  E(30) 

stage : 4
 Enter the card you want to play (e.g. S(10)): L(20) 

 The value of the cards used in this stage is 35 : D(5) S(10) L(20)  F(15)  F(15)  F(40)  D(5)  S(10)  L(20)  L(20)  E(30) 

stage : 4
 Enter the card you want to play (e.g. S(10)): E(30) 

 The value of the cards used in this stage is 65 : D(5) S(10) L(20) E(30)  F(15)  F(15)  F(40)  D(5)  S(10)  L(20)  L(20)  E(30) 

stage : 4
 Enter the card you want to play (e.g. S(10)): 
 The value of the cards used in this stage is 65 : D(5) S(10) L(20) E(30) 
 current stage win 

current player: 2
Player 2 need remove 4 Cards
 F(5)  F(5)  F(10)  F(25)  F(35)  F(40)  D(5)  S(10)  S(10)  H(10)  H(10)  H(10)  H(10)  B(15)  L(20)  E(30) 

 Enter the card you want to draw (e.g. S(10)) or position: 
You removed the card: 
 F(5)

Player 2 need remove 3 Cards
 F(5)  F(10)  F(25)  F(35)  F(40)  D(5)  S(10)  S(10)  H(10)  H(10)  H(10)  H(10)  B(15)  L(20)  E(30) 

 Enter the card you want to draw (e.g. S(10)) or position: 
You removed the card: 
 F(5)

Player 2 need remove 2 Cards
 F(10)  F(25)  F(35)  F(40)  D(5)  S(10)  S(10)  H(10)  H(10)  H(10)  H(10)  B(15)  L(20)  E(30) 

 Enter the card you want to draw (e.g. S(10)) or position: 
You removed the card: 
 F(10)

Player 2 need remove 1 Cards
 F(25)  F(35)  F(40)  D(5)  S(10)  S(10)  H(10)  H(10)  H(10)  H(10)  B(15)  L(20)  E(30) 

 Enter the card you want to draw (e.g. S(10)) or position: 
You removed the card: 
 F(25)

]]></system-out>
  </testcase>
</testsuite>